<?xml version="1.0" encoding="UTF-8"?>
<coverage generated="1679531026720" clover="3.2.0">
  <project timestamp="1679531026720" name="All files">
    <metrics statements="56" coveredstatements="35" conditionals="22" coveredconditionals="13" methods="6" coveredmethods="5" elements="84" coveredelements="53" complexity="0" loc="56" ncloc="56" packages="1" files="1" classes="1"/>
    <file name="auxilaryFunctions.js" path="/Users/kamilstecyk/Desktop/zadania_webowe_lab6/zad4/auxilaryFunctions.js">
      <metrics statements="56" coveredstatements="35" conditionals="22" coveredconditionals="13" methods="6" coveredmethods="5"/>
      <line num="1" count="1" type="stmt"/>
      <line num="2" count="1" type="stmt"/>
      <line num="3" count="1" type="stmt"/>
      <line num="4" count="1" type="stmt"/>
      <line num="6" count="1" type="stmt"/>
      <line num="8" count="9" type="stmt"/>
      <line num="11" count="1" type="stmt"/>
      <line num="13" count="9" type="stmt"/>
      <line num="14" count="9" type="stmt"/>
      <line num="17" count="1" type="stmt"/>
      <line num="19" count="8" type="stmt"/>
      <line num="20" count="8" type="stmt"/>
      <line num="23" count="1" type="stmt"/>
      <line num="25" count="9" type="stmt"/>
      <line num="26" count="9" type="stmt"/>
      <line num="29" count="1" type="stmt"/>
      <line num="32" count="6" type="cond" truecount="2" falsecount="0"/>
      <line num="34" count="1" type="stmt"/>
      <line num="38" count="5" type="stmt"/>
      <line num="41" count="6" type="cond" truecount="2" falsecount="0"/>
      <line num="43" count="2" type="stmt"/>
      <line num="47" count="4" type="stmt"/>
      <line num="50" count="6" type="cond" truecount="1" falsecount="1"/>
      <line num="52" count="0" type="stmt"/>
      <line num="56" count="6" type="stmt"/>
      <line num="59" count="6" type="cond" truecount="2" falsecount="0"/>
      <line num="61" count="1" type="stmt"/>
      <line num="65" count="5" type="stmt"/>
      <line num="68" count="6" type="cond" truecount="6" falsecount="0"/>
      <line num="71" count="1" type="stmt"/>
      <line num="72" count="0" type="cond" truecount="0" falsecount="2"/>
      <line num="74" count="0" type="stmt"/>
      <line num="75" count="0" type="stmt"/>
      <line num="79" count="0" type="stmt"/>
      <line num="80" count="0" type="stmt"/>
      <line num="83" count="0" type="cond" truecount="0" falsecount="2"/>
      <line num="85" count="0" type="stmt"/>
      <line num="86" count="0" type="stmt"/>
      <line num="90" count="0" type="stmt"/>
      <line num="91" count="0" type="stmt"/>
      <line num="94" count="0" type="cond" truecount="0" falsecount="2"/>
      <line num="96" count="0" type="stmt"/>
      <line num="97" count="0" type="stmt"/>
      <line num="101" count="0" type="stmt"/>
      <line num="102" count="0" type="stmt"/>
      <line num="105" count="0" type="cond" truecount="0" falsecount="2"/>
      <line num="107" count="0" type="stmt"/>
      <line num="108" count="0" type="stmt"/>
      <line num="112" count="0" type="stmt"/>
      <line num="113" count="0" type="stmt"/>
      <line num="117" count="1" type="stmt"/>
      <line num="118" count="1" type="stmt"/>
      <line num="119" count="1" type="stmt"/>
      <line num="120" count="1" type="stmt"/>
      <line num="121" count="1" type="stmt"/>
      <line num="122" count="1" type="stmt"/>
    </file>
  </project>
</coverage>
