{"/Users/kamilstecyk/Desktop/zadania_webowe_lab6/zad4/auxilaryFunctions.js": {"path":"/Users/kamilstecyk/Desktop/zadania_webowe_lab6/zad4/auxilaryFunctions.js","statementMap":{"0":{"start":{"line":1,"column":27},"end":{"line":1,"column":32}},"1":{"start":{"line":2,"column":29},"end":{"line":2,"column":34}},"2":{"start":{"line":3,"column":36},"end":{"line":3,"column":41}},"3":{"start":{"line":4,"column":38},"end":{"line":4,"column":43}},"4":{"start":{"line":6,"column":42},"end":{"line":9,"column":1}},"5":{"start":{"line":8,"column":4},"end":{"line":8,"column":28}},"6":{"start":{"line":11,"column":47},"end":{"line":15,"column":1}},"7":{"start":{"line":13,"column":17},"end":{"line":13,"column":35}},"8":{"start":{"line":14,"column":4},"end":{"line":14,"column":29}},"9":{"start":{"line":17,"column":48},"end":{"line":21,"column":1}},"10":{"start":{"line":19,"column":17},"end":{"line":19,"column":30}},"11":{"start":{"line":20,"column":4},"end":{"line":20,"column":29}},"12":{"start":{"line":23,"column":40},"end":{"line":27,"column":1}},"13":{"start":{"line":25,"column":17},"end":{"line":25,"column":21}},"14":{"start":{"line":26,"column":4},"end":{"line":26,"column":29}},"15":{"start":{"line":29,"column":26},"end":{"line":69,"column":1}},"16":{"start":{"line":32,"column":4},"end":{"line":39,"column":5}},"17":{"start":{"line":34,"column":8},"end":{"line":34,"column":37}},"18":{"start":{"line":38,"column":8},"end":{"line":38,"column":36}},"19":{"start":{"line":41,"column":4},"end":{"line":48,"column":5}},"20":{"start":{"line":43,"column":8},"end":{"line":43,"column":46}},"21":{"start":{"line":47,"column":8},"end":{"line":47,"column":45}},"22":{"start":{"line":50,"column":4},"end":{"line":57,"column":5}},"23":{"start":{"line":52,"column":7},"end":{"line":52,"column":47}},"24":{"start":{"line":56,"column":8},"end":{"line":56,"column":47}},"25":{"start":{"line":59,"column":4},"end":{"line":66,"column":5}},"26":{"start":{"line":61,"column":8},"end":{"line":61,"column":39}},"27":{"start":{"line":65,"column":8},"end":{"line":65,"column":38}},"28":{"start":{"line":68,"column":4},"end":{"line":68,"column":145}},"29":{"start":{"line":71,"column":32},"end":{"line":115,"column":1}},"30":{"start":{"line":72,"column":4},"end":{"line":81,"column":5}},"31":{"start":{"line":74,"column":8},"end":{"line":74,"column":54}},"32":{"start":{"line":75,"column":8},"end":{"line":75,"column":55}},"33":{"start":{"line":79,"column":8},"end":{"line":79,"column":60}},"34":{"start":{"line":80,"column":8},"end":{"line":80,"column":55}},"35":{"start":{"line":83,"column":4},"end":{"line":92,"column":5}},"36":{"start":{"line":85,"column":8},"end":{"line":85,"column":63}},"37":{"start":{"line":86,"column":8},"end":{"line":86,"column":64}},"38":{"start":{"line":90,"column":8},"end":{"line":90,"column":69}},"39":{"start":{"line":91,"column":8},"end":{"line":91,"column":64}},"40":{"start":{"line":94,"column":4},"end":{"line":103,"column":5}},"41":{"start":{"line":96,"column":8},"end":{"line":96,"column":65}},"42":{"start":{"line":97,"column":8},"end":{"line":97,"column":66}},"43":{"start":{"line":101,"column":8},"end":{"line":101,"column":71}},"44":{"start":{"line":102,"column":8},"end":{"line":102,"column":66}},"45":{"start":{"line":105,"column":4},"end":{"line":114,"column":5}},"46":{"start":{"line":107,"column":8},"end":{"line":107,"column":56}},"47":{"start":{"line":108,"column":8},"end":{"line":108,"column":57}},"48":{"start":{"line":112,"column":8},"end":{"line":112,"column":62}},"49":{"start":{"line":113,"column":8},"end":{"line":113,"column":57}},"50":{"start":{"line":117,"column":0},"end":{"line":117,"column":88}},"51":{"start":{"line":118,"column":0},"end":{"line":118,"column":78}},"52":{"start":{"line":119,"column":0},"end":{"line":119,"column":90}},"53":{"start":{"line":120,"column":0},"end":{"line":120,"column":74}},"54":{"start":{"line":121,"column":0},"end":{"line":121,"column":46}},"55":{"start":{"line":122,"column":0},"end":{"line":122,"column":58}}},"fnMap":{"0":{"name":"(anonymous_0)","decl":{"start":{"line":6,"column":42},"end":{"line":6,"column":43}},"loc":{"start":{"line":7,"column":0},"end":{"line":9,"column":1}},"line":7},"1":{"name":"(anonymous_1)","decl":{"start":{"line":11,"column":47},"end":{"line":11,"column":48}},"loc":{"start":{"line":12,"column":0},"end":{"line":15,"column":1}},"line":12},"2":{"name":"(anonymous_2)","decl":{"start":{"line":17,"column":48},"end":{"line":17,"column":49}},"loc":{"start":{"line":18,"column":0},"end":{"line":21,"column":1}},"line":18},"3":{"name":"(anonymous_3)","decl":{"start":{"line":23,"column":40},"end":{"line":23,"column":41}},"loc":{"start":{"line":24,"column":0},"end":{"line":27,"column":1}},"line":24},"4":{"name":"(anonymous_4)","decl":{"start":{"line":29,"column":26},"end":{"line":29,"column":27}},"loc":{"start":{"line":30,"column":0},"end":{"line":69,"column":1}},"line":30},"5":{"name":"(anonymous_5)","decl":{"start":{"line":71,"column":32},"end":{"line":71,"column":33}},"loc":{"start":{"line":71,"column":162},"end":{"line":115,"column":1}},"line":71}},"branchMap":{"0":{"loc":{"start":{"line":32,"column":4},"end":{"line":39,"column":5}},"type":"if","locations":[{"start":{"line":32,"column":4},"end":{"line":39,"column":5}},{"start":{"line":37,"column":4},"end":{"line":39,"column":5}}],"line":32},"1":{"loc":{"start":{"line":41,"column":4},"end":{"line":48,"column":5}},"type":"if","locations":[{"start":{"line":41,"column":4},"end":{"line":48,"column":5}},{"start":{"line":46,"column":4},"end":{"line":48,"column":5}}],"line":41},"2":{"loc":{"start":{"line":50,"column":4},"end":{"line":57,"column":5}},"type":"if","locations":[{"start":{"line":50,"column":4},"end":{"line":57,"column":5}},{"start":{"line":55,"column":4},"end":{"line":57,"column":5}}],"line":50},"3":{"loc":{"start":{"line":59,"column":4},"end":{"line":66,"column":5}},"type":"if","locations":[{"start":{"line":59,"column":4},"end":{"line":66,"column":5}},{"start":{"line":64,"column":4},"end":{"line":66,"column":5}}],"line":59},"4":{"loc":{"start":{"line":68,"column":11},"end":{"line":68,"column":144}},"type":"cond-expr","locations":[{"start":{"line":68,"column":132},"end":{"line":68,"column":136}},{"start":{"line":68,"column":139},"end":{"line":68,"column":144}}],"line":68},"5":{"loc":{"start":{"line":68,"column":13},"end":{"line":68,"column":127}},"type":"binary-expr","locations":[{"start":{"line":68,"column":13},"end":{"line":68,"column":33}},{"start":{"line":68,"column":37},"end":{"line":68,"column":68}},{"start":{"line":68,"column":72},"end":{"line":68,"column":94}},{"start":{"line":68,"column":98},"end":{"line":68,"column":127}}],"line":68},"6":{"loc":{"start":{"line":72,"column":4},"end":{"line":81,"column":5}},"type":"if","locations":[{"start":{"line":72,"column":4},"end":{"line":81,"column":5}},{"start":{"line":78,"column":4},"end":{"line":81,"column":5}}],"line":72},"7":{"loc":{"start":{"line":83,"column":4},"end":{"line":92,"column":5}},"type":"if","locations":[{"start":{"line":83,"column":4},"end":{"line":92,"column":5}},{"start":{"line":89,"column":4},"end":{"line":92,"column":5}}],"line":83},"8":{"loc":{"start":{"line":94,"column":4},"end":{"line":103,"column":5}},"type":"if","locations":[{"start":{"line":94,"column":4},"end":{"line":103,"column":5}},{"start":{"line":100,"column":4},"end":{"line":103,"column":5}}],"line":94},"9":{"loc":{"start":{"line":105,"column":4},"end":{"line":114,"column":5}},"type":"if","locations":[{"start":{"line":105,"column":4},"end":{"line":114,"column":5}},{"start":{"line":111,"column":4},"end":{"line":114,"column":5}}],"line":105}},"s":{"0":1,"1":1,"2":1,"3":1,"4":1,"5":9,"6":1,"7":9,"8":9,"9":1,"10":8,"11":8,"12":1,"13":9,"14":9,"15":1,"16":6,"17":1,"18":5,"19":6,"20":2,"21":4,"22":6,"23":0,"24":6,"25":6,"26":1,"27":5,"28":6,"29":1,"30":0,"31":0,"32":0,"33":0,"34":0,"35":0,"36":0,"37":0,"38":0,"39":0,"40":0,"41":0,"42":0,"43":0,"44":0,"45":0,"46":0,"47":0,"48":0,"49":0,"50":1,"51":1,"52":1,"53":1,"54":1,"55":1},"f":{"0":9,"1":9,"2":8,"3":9,"4":6,"5":0},"b":{"0":[1,5],"1":[2,4],"2":[0,6],"3":[1,5],"4":[2,4],"5":[6,5,5,4],"6":[0,0],"7":[0,0],"8":[0,0],"9":[0,0]},"_coverageSchema":"1a1c01bbd47fc00a2c39e90264f33305004495a9","hash":"9957bfd190a24fc56bb5bbc71fbdf353e128180b"}
}
