TN:
SF:auxilaryFunctions.js
FN:6,(anonymous_0)
FN:11,(anonymous_1)
FN:17,(anonymous_2)
FN:23,(anonymous_3)
FN:29,(anonymous_4)
FN:71,(anonymous_5)
FNF:6
FNH:5
FNDA:9,(anonymous_0)
FNDA:9,(anonymous_1)
FNDA:8,(anonymous_2)
FNDA:9,(anonymous_3)
FNDA:6,(anonymous_4)
FNDA:0,(anonymous_5)
DA:1,1
DA:2,1
DA:3,1
DA:4,1
DA:6,1
DA:8,9
DA:11,1
DA:13,9
DA:14,9
DA:17,1
DA:19,8
DA:20,8
DA:23,1
DA:25,9
DA:26,9
DA:29,1
DA:32,6
DA:34,1
DA:38,5
DA:41,6
DA:43,2
DA:47,4
DA:50,6
DA:52,0
DA:56,6
DA:59,6
DA:61,1
DA:65,5
DA:68,6
DA:71,1
DA:72,0
DA:74,0
DA:75,0
DA:79,0
DA:80,0
DA:83,0
DA:85,0
DA:86,0
DA:90,0
DA:91,0
DA:94,0
DA:96,0
DA:97,0
DA:101,0
DA:102,0
DA:105,0
DA:107,0
DA:108,0
DA:112,0
DA:113,0
DA:117,1
DA:118,1
DA:119,1
DA:120,1
DA:121,1
DA:122,1
LF:56
LH:35
BRDA:32,0,0,1
BRDA:32,0,1,5
BRDA:41,1,0,2
BRDA:41,1,1,4
BRDA:50,2,0,0
BRDA:50,2,1,6
BRDA:59,3,0,1
BRDA:59,3,1,5
BRDA:68,4,0,2
BRDA:68,4,1,4
BRDA:68,5,0,6
BRDA:68,5,1,5
BRDA:68,5,2,5
BRDA:68,5,3,4
BRDA:72,6,0,0
BRDA:72,6,1,0
BRDA:83,7,0,0
BRDA:83,7,1,0
BRDA:94,8,0,0
BRDA:94,8,1,0
BRDA:105,9,0,0
BRDA:105,9,1,0
BRF:22
BRH:13
end_of_record
